<?xml version="1.0" encoding="UTF-8"?>
<testng-results ignored="0" total="0" passed="0" failed="0" skipped="0">
  <reporter-output>
  </reporter-output>
  <suite started-at="2026-06-13T16:11:30 IST" name="Suite" finished-at="2026-06-13T16:11:30 IST" duration-ms="748">
    <groups>
    </groups>
    <test started-at="2026-06-13T16:11:30 IST" name="chrome" finished-at="2026-06-13T16:11:30 IST" duration-ms="637">
      <class name="practicepage.APGlobal">
        <test-method is-config="true" signature="Dreports()[pri:0, instance:practicepage.APGlobal@158da8e]" started-at="2026-06-13T16:11:30 IST" name="Dreports" finished-at="2026-06-13T16:11:30 IST" duration-ms="280" status="PASS">
          <reporter-output>
          </reporter-output>
        </test-method> <!-- Dreports -->
        <test-method is-config="true" signature="tearDown()[pri:0, instance:practicepage.APGlobal@158da8e]" started-at="2026-06-13T16:11:30 IST" name="tearDown" finished-at="2026-06-13T16:11:30 IST" duration-ms="342" status="PASS">
          <reporter-output>
          </reporter-output>
        </test-method> <!-- tearDown -->
      </class> <!-- practicepage.APGlobal -->
    </test> <!-- chrome -->
    <test started-at="2026-06-13T16:11:30 IST" name="firefox" finished-at="2026-06-13T16:11:30 IST" duration-ms="75">
      <class name="practicepage.APFGlobal">
        <test-method is-config="true" signature="Dreports()[pri:0, instance:practicepage.APFGlobal@131774fe]" started-at="2026-06-13T16:11:30 IST" name="Dreports" finished-at="2026-06-13T16:11:30 IST" duration-ms="1" status="PASS">
          <reporter-output>
          </reporter-output>
        </test-method> <!-- Dreports -->
        <test-method is-config="true" signature="tearDown()[pri:0, instance:practicepage.APFGlobal@131774fe]" started-at="2026-06-13T16:11:30 IST" name="tearDown" finished-at="2026-06-13T16:11:30 IST" duration-ms="72" status="PASS">
          <reporter-output>
          </reporter-output>
        </test-method> <!-- tearDown -->
      </class> <!-- practicepage.APFGlobal -->
    </test> <!-- firefox -->
  </suite> <!-- Suite -->
</testng-results>
