<?xml version="1.0" encoding="UTF-8"?>
<testng-results ignored="1" total="2" passed="1" failed="0" skipped="0">
  <reporter-output>
  </reporter-output>
  <suite started-at="2026-06-15T11:19:21 IST" name="Default suite" finished-at="2026-06-15T11:19:35 IST" duration-ms="13918">
    <groups>
    </groups>
    <test started-at="2026-06-15T11:19:21 IST" name="Default test" finished-at="2026-06-15T11:19:35 IST" duration-ms="13918">
      <class name="practicepage.APForm">
        <test-method is-config="true" signature="Dreports()[pri:0, instance:practicepage.APForm@b2c9a9c]" started-at="2026-06-15T11:19:21 IST" name="Dreports" finished-at="2026-06-15T11:19:22 IST" duration-ms="258" status="PASS">
          <reporter-output>
          </reporter-output>
        </test-method> <!-- Dreports -->
        <test-method is-config="true" signature="launch()[pri:0, instance:practicepage.APForm@b2c9a9c]" started-at="2026-06-15T11:19:22 IST" name="launch" finished-at="2026-06-15T11:19:26 IST" duration-ms="4717" status="PASS">
          <reporter-output>
          </reporter-output>
        </test-method> <!-- launch -->
        <test-method signature="date1()[pri:2, instance:practicepage.APForm@b2c9a9c]" started-at="2026-06-15T11:19:26 IST" name="date1" finished-at="2026-06-15T11:19:35 IST" duration-ms="8523" status="PASS">
          <reporter-output>
          </reporter-output>
        </test-method> <!-- date1 -->
        <test-method is-config="true" signature="gettestresult(org.testng.ITestResult)[pri:0, instance:practicepage.APForm@b2c9a9c]" started-at="2026-06-15T11:19:35 IST" name="gettestresult" finished-at="2026-06-15T11:19:35 IST" duration-ms="12" status="PASS">
          <params>
            <param index="0">
              <value>
                <![CDATA[[TestResult name=date1 status=SUCCESS method=APForm.date1()[pri:2, instance:practicepage.APForm@b2c9a9c] output={null}]]]>
              </value>
            </param>
          </params>
          <reporter-output>
          </reporter-output>
        </test-method> <!-- gettestresult -->
        <test-method is-config="true" signature="tearDown()[pri:0, instance:practicepage.APForm@b2c9a9c]" started-at="2026-06-15T11:19:35 IST" name="tearDown" finished-at="2026-06-15T11:19:35 IST" duration-ms="351" status="PASS">
          <reporter-output>
          </reporter-output>
        </test-method> <!-- tearDown -->
      </class> <!-- practicepage.APForm -->
    </test> <!-- Default test -->
  </suite> <!-- Default suite -->
</testng-results>
